Flutter crash report.
Please report a bug at https://github.com/flutter/flutter/issues.

## command

flutter run -d web-server --web-hostname 0.0.0.0 --web-port 18088

## exception

SocketException: SocketException: Error event raised in event handler : error condition has been reset, port = 0

```
#0      _NativeSocket.multiplex (dart:io-patch/socket_patch.dart:1743:30)
#1      _RawReceivePort._handleMessage (dart:isolate-patch/isolate_patch.dart:193:12)
```

## flutter doctor

```
[✓] Flutter (Channel stable, 3.38.7, on Ubuntu 24.04.2 LTS 6.6.87.2-microsoft-standard-WSL2, locale C.UTF-8) [459ms]
    • Flutter version 3.38.7 on channel stable at /var/www/mylab-ui-flutter/flutter
    • Upstream repository https://github.com/flutter/flutter.git
    • Framework revision 3b62efc2a3 (3 days ago), 2026-01-13 13:47:42 -0800
    • Engine revision 78fc3012e4
    • Dart version 3.10.7
    • DevTools version 2.51.1
    • Feature flags: enable-web, enable-linux-desktop, enable-macos-desktop, enable-windows-desktop, enable-android, enable-ios, cli-animations, enable-native-assets, omit-legacy-version-file, enable-lldb-debugging

[✗] Android toolchain - develop for Android devices [571ms]
    ✗ Unable to locate Android SDK.
      Install Android Studio from: https://developer.android.com/studio/index.html
      On first launch it will assist you in installing the Android SDK components.
      (or visit https://flutter.dev/to/linux-android-setup for detailed instructions).
      If the Android SDK has been installed to a custom location, please use
      `flutter config --android-sdk` to update to that location.


[✗] Chrome - develop for the web (Cannot find Chrome executable at google-chrome) [416ms]
    ! Cannot find Chrome. Try setting CHROME_EXECUTABLE to a Chrome executable.

[✗] Linux toolchain - develop for Linux desktop [3.3s]
    ✗ clang++ is required for Linux development.
      It is likely available from your distribution (e.g.: apt install clang), or can be downloaded from https://releases.llvm.org/
    ✗ CMake is required for Linux development.
      It is likely available from your distribution (e.g.: apt install cmake), or can be downloaded from https://cmake.org/download/
    ✗ ninja is required for Linux development.
      It is likely available from your distribution (e.g.: apt install ninja-build), or can be downloaded from https://github.com/ninja-build/ninja/releases
    • pkg-config version 1.8.1
    ✗ GTK 3.0 development libraries are required for Linux development.
      They are likely available from your distribution (e.g.: apt install libgtk-3-dev)
    • OpenGL core renderer: llvmpipe (LLVM 20.1.2, 256 bits)
    • OpenGL core version: 4.5 (Core Profile) Mesa 25.0.7-0ubuntu0.24.04.2
    • OpenGL core shading language version: 4.50
    • OpenGL ES renderer: llvmpipe (LLVM 20.1.2, 256 bits)
    • OpenGL ES version: OpenGL ES 3.2 Mesa 25.0.7-0ubuntu0.24.04.2
    • OpenGL ES shading language version: OpenGL ES GLSL ES 3.20
    • GL_EXT_framebuffer_blit: yes
    • GL_EXT_texture_format_BGRA8888: yes

[✓] Connected device (2 available) [448ms]
    • Linux (desktop)  • linux      • linux-x64      • Ubuntu 24.04.2 LTS 6.6.87.2-microsoft-standard-WSL2
    • Web Server (web) • web-server • web-javascript • Flutter Tools

[✓] Network resources [1,710ms]
    • All expected network resources are available.

! Doctor found issues in 3 categories.
```
